c:\лабы\учёба (3 семестр)\chessgan\cgan\ui\module\m1\src\debug\vc141.pdb
c:\лабы\учёба (3 семестр)\chessgan\cgan\ui\module\m1\src\debug\vc141.idb
c:\лабы\учёба (3 семестр)\chessgan\cgan\ui\module\m1\src\debug\bitboards.obj
c:\лабы\учёба (3 семестр)\chessgan\cgan\ui\module\m1\src\debug\eval.obj
c:\лабы\учёба (3 семестр)\chessgan\cgan\ui\module\m1\src\debug\eval_params.obj
c:\лабы\учёба (3 семестр)\chessgan\cgan\ui\module\m1\src\debug\learn.obj
c:\лабы\учёба (3 семестр)\chessgan\cgan\ui\module\m1\src\debug\main.obj
c:\лабы\учёба (3 семестр)\chessgan\cgan\ui\module\m1\src\debug\moves.obj
c:\лабы\учёба (3 семестр)\chessgan\cgan\ui\module\m1\src\debug\notation.obj
c:\лабы\учёба (3 семестр)\chessgan\cgan\ui\module\m1\src\debug\position.obj
c:\лабы\учёба (3 семестр)\chessgan\cgan\ui\module\m1\src\debug\search.obj
c:\лабы\учёба (3 семестр)\chessgan\cgan\ui\module\m1\src\debug\utils.obj
c:\лабы\учёба (3 семестр)\chessgan\cgan\ui\module\m1\src\debug\win32.obj
c:\лабы\учёба (3 семестр)\chessgan\cgan\ui\module\m1\src\debug\greko.ilk
c:\лабы\учёба (3 семестр)\chessgan\cgan\ui\module\m1\src\debug\greko.exe
c:\лабы\учёба (3 семестр)\chessgan\cgan\ui\module\m1\src\debug\greko.pdb
c:\лабы\учёба (3 семестр)\chessgan\cgan\debug\greko.ilk
c:\лабы\учёба (3 семестр)\chessgan\cgan\debug\greko.exe
c:\лабы\учёба (3 семестр)\chessgan\cgan\debug\greko.pdb
c:\лабы\учёба (3 семестр)\chessgan\cgan\ui\module\m1\src\debug\greko.tlog\cl.command.1.tlog
c:\лабы\учёба (3 семестр)\chessgan\cgan\ui\module\m1\src\debug\greko.tlog\cl.read.1.tlog
c:\лабы\учёба (3 семестр)\chessgan\cgan\ui\module\m1\src\debug\greko.tlog\cl.write.1.tlog
c:\лабы\учёба (3 семестр)\chessgan\cgan\ui\module\m1\src\debug\greko.tlog\link.command.1.tlog
c:\лабы\учёба (3 семестр)\chessgan\cgan\ui\module\m1\src\debug\greko.tlog\link.read.1.tlog
c:\лабы\учёба (3 семестр)\chessgan\cgan\ui\module\m1\src\debug\greko.tlog\link.write.1.tlog
